[0.606s] Invoking command in '/home/alyssoncastro/Scripts/mapa/ros2_workspace/build/turtlesim': CMAKE_PREFIX_PATH=/opt/ros/humble /usr/bin/cmake /home/alyssoncastro/Scripts/mapa/ros2_workspace/src/ros_tutorials/turtlesim -DCMAKE_INSTALL_PREFIX=/home/alyssoncastro/Scripts/mapa/ros2_workspace/install/turtlesim
[1.040s] -- The C compiler identification is GNU 11.4.0
[1.194s] -- The CXX compiler identification is GNU 11.4.0
[1.218s] -- Detecting C compiler ABI info
[1.358s] -- Detecting C compiler ABI info - done
[1.372s] -- Check for working C compiler: /usr/bin/cc - skipped
[1.373s] -- Detecting C compile features
[1.375s] -- Detecting C compile features - done
[1.383s] -- Detecting CXX compiler ABI info
[1.532s] -- Detecting CXX compiler ABI info - done
[1.546s] -- Check for working CXX compiler: /usr/bin/c++ - skipped
[1.547s] -- Detecting CXX compile features
[1.548s] -- Detecting CXX compile features - done
[1.556s] -- Found ament_cmake: 1.3.5 (/opt/ros/humble/share/ament_cmake/cmake)
[1.860s] -- Found Python3: /usr/bin/python3.10 (found version "3.10.12") found components: Interpreter 
[2.064s] -- Found ament_index_cpp: 1.4.0 (/opt/ros/humble/share/ament_index_cpp/cmake)
[2.068s] -- Found geometry_msgs: 4.2.3 (/opt/ros/humble/share/geometry_msgs/cmake)
[2.163s] -- Found rosidl_generator_c: 3.1.5 (/opt/ros/humble/share/rosidl_generator_c/cmake)
[2.175s] -- Found rosidl_adapter: 3.1.5 (/opt/ros/humble/share/rosidl_adapter/cmake)
[2.215s] -- Found rosidl_generator_cpp: 3.1.5 (/opt/ros/humble/share/rosidl_generator_cpp/cmake)
[2.251s] -- Using all available rosidl_typesupport_c: rosidl_typesupport_fastrtps_c;rosidl_typesupport_introspection_c
[2.295s] -- Using all available rosidl_typesupport_cpp: rosidl_typesupport_fastrtps_cpp;rosidl_typesupport_introspection_cpp
[2.571s] -- Found rclcpp: 16.0.6 (/opt/ros/humble/share/rclcpp/cmake)
[2.716s] -- Found rmw_implementation_cmake: 6.1.1 (/opt/ros/humble/share/rmw_implementation_cmake/cmake)
[2.723s] -- Found rmw_cyclonedds_cpp: 1.3.4 (/opt/ros/humble/share/rmw_cyclonedds_cpp/cmake)
[2.803s] -- Using RMW implementation 'rmw_cyclonedds_cpp' as default
[2.826s] -- Looking for pthread.h
[2.950s] -- Looking for pthread.h - found
[2.950s] -- Performing Test CMAKE_HAVE_LIBC_PTHREAD
[3.073s] -- Performing Test CMAKE_HAVE_LIBC_PTHREAD - Success
[3.075s] -- Found Threads: TRUE  
[3.336s] -- Found rclcpp_action: 16.0.6 (/opt/ros/humble/share/rclcpp_action/cmake)
[3.536s] -- Found rosidl_default_generators: 1.2.0 (/opt/ros/humble/share/rosidl_default_generators/cmake)
[3.558s] -- Found std_srvs: 4.2.3 (/opt/ros/humble/share/std_srvs/cmake)
[4.176s] -- Found ament_cmake_ros: 0.10.0 (/opt/ros/humble/share/ament_cmake_ros/cmake)
[4.732s] -- Using all available rosidl_typesupport_c: rosidl_typesupport_fastrtps_c;rosidl_typesupport_introspection_c
[4.948s] -- Using all available rosidl_typesupport_cpp: rosidl_typesupport_fastrtps_cpp;rosidl_typesupport_introspection_cpp
[4.990s] -- Found PythonInterp: /usr/bin/python3 (found suitable version "3.10.12", minimum required is "3.6") 
[4.994s] -- Found python_cmake_module: 0.10.0 (/opt/ros/humble/share/python_cmake_module/cmake)
[5.042s] -- Found PythonLibs: /usr/lib/x86_64-linux-gnu/libpython3.10.so (found suitable version "3.10.12", minimum required is "3.5") 
[5.043s] -- Using PYTHON_EXECUTABLE: /usr/bin/python3
[5.043s] -- Using PYTHON_INCLUDE_DIRS: /usr/include/python3.10
[5.043s] -- Using PYTHON_LIBRARIES: /usr/lib/x86_64-linux-gnu/libpython3.10.so
[5.083s] -- Found PythonExtra: .so  
[5.190s] -- Configuring done
[5.289s] -- Generating done
[5.294s] -- Build files have been written to: /home/alyssoncastro/Scripts/mapa/ros2_workspace/build/turtlesim
[5.313s] Invoked command in '/home/alyssoncastro/Scripts/mapa/ros2_workspace/build/turtlesim' returned '0': CMAKE_PREFIX_PATH=/opt/ros/humble /usr/bin/cmake /home/alyssoncastro/Scripts/mapa/ros2_workspace/src/ros_tutorials/turtlesim -DCMAKE_INSTALL_PREFIX=/home/alyssoncastro/Scripts/mapa/ros2_workspace/install/turtlesim
[5.317s] Invoking command in '/home/alyssoncastro/Scripts/mapa/ros2_workspace/build/turtlesim': CMAKE_PREFIX_PATH=/opt/ros/humble /usr/bin/cmake --build /home/alyssoncastro/Scripts/mapa/ros2_workspace/build/turtlesim -- -j8 -l8
[5.390s] [  1%] [34m[1mGenerating C code for ROS interfaces[0m
[5.406s] [  2%] [34m[1mGenerating C++ code for ROS interfaces[0m
[5.419s] [  2%] Built target ament_cmake_python_copy_turtlesim
[5.858s] running egg_info
[5.860s] creating turtlesim.egg-info
[5.860s] writing turtlesim.egg-info/PKG-INFO
[5.860s] writing dependency_links to turtlesim.egg-info/dependency_links.txt
[5.861s] writing top-level names to turtlesim.egg-info/top_level.txt
[5.861s] writing manifest file 'turtlesim.egg-info/SOURCES.txt'
[5.865s] reading manifest file 'turtlesim.egg-info/SOURCES.txt'
[5.866s] writing manifest file 'turtlesim.egg-info/SOURCES.txt'
[5.914s] [  2%] Built target ament_cmake_python_build_turtlesim_egg
[7.294s] [  2%] Built target turtlesim__cpp
[7.315s] [  3%] [34m[1mGenerating C++ type support dispatch for ROS interfaces[0m
[7.333s] [  4%] [34m[1mGenerating C++ type support for eProsima Fast-RTPS[0m
[7.353s] [  5%] [34m[1mGenerating C++ introspection for ROS interfaces[0m
[7.388s] [  6%] [32mBuilding C object CMakeFiles/turtlesim__rosidl_generator_c.dir/rosidl_generator_c/turtlesim/action/detail/rotate_absolute__functions.c.o[0m
[7.389s] [  9%] [32mBuilding C object CMakeFiles/turtlesim__rosidl_generator_c.dir/rosidl_generator_c/turtlesim/srv/detail/set_pen__functions.c.o[0m
[7.389s] [  9%] [32mBuilding C object CMakeFiles/turtlesim__rosidl_generator_c.dir/rosidl_generator_c/turtlesim/msg/detail/color__functions.c.o[0m
[7.389s] [  9%] [32mBuilding C object CMakeFiles/turtlesim__rosidl_generator_c.dir/rosidl_generator_c/turtlesim/msg/detail/pose__functions.c.o[0m
[7.389s] [ 10%] [32mBuilding C object CMakeFiles/turtlesim__rosidl_generator_c.dir/rosidl_generator_c/turtlesim/srv/detail/kill__functions.c.o[0m
[7.547s] [ 11%] [32mBuilding C object CMakeFiles/turtlesim__rosidl_generator_c.dir/rosidl_generator_c/turtlesim/srv/detail/spawn__functions.c.o[0m
[7.550s] [ 12%] [32mBuilding C object CMakeFiles/turtlesim__rosidl_generator_c.dir/rosidl_generator_c/turtlesim/srv/detail/teleport_absolute__functions.c.o[0m
[7.566s] [ 13%] [32mBuilding C object CMakeFiles/turtlesim__rosidl_generator_c.dir/rosidl_generator_c/turtlesim/srv/detail/teleport_relative__functions.c.o[0m
[7.716s] [ 14%] [32m[1mLinking C shared library libturtlesim__rosidl_generator_c.so[0m
[7.796s] [ 14%] Built target turtlesim__rosidl_generator_c
[7.818s] [ 16%] [34m[1mGenerating C type support for eProsima Fast-RTPS[0m
[7.818s] [ 16%] [34m[1mGenerating C introspection for ROS interfaces[0m
[7.820s] [ 17%] [34m[1mGenerating C type support dispatch for ROS interfaces[0m
[8.481s] [ 18%] [32mBuilding CXX object CMakeFiles/turtlesim__rosidl_typesupport_cpp.dir/rosidl_typesupport_cpp/turtlesim/action/rotate_absolute__type_support.cpp.o[0m
[8.482s] [ 19%] [32mBuilding CXX object CMakeFiles/turtlesim__rosidl_typesupport_cpp.dir/rosidl_typesupport_cpp/turtlesim/msg/color__type_support.cpp.o[0m
[8.482s] [ 20%] [32mBuilding CXX object CMakeFiles/turtlesim__rosidl_typesupport_cpp.dir/rosidl_typesupport_cpp/turtlesim/msg/pose__type_support.cpp.o[0m
[9.140s] [ 21%] [32mBuilding CXX object CMakeFiles/turtlesim__rosidl_typesupport_c.dir/rosidl_typesupport_c/turtlesim/action/rotate_absolute__type_support.cpp.o[0m
[9.290s] [ 22%] [32mBuilding CXX object CMakeFiles/turtlesim__rosidl_typesupport_c.dir/rosidl_typesupport_c/turtlesim/msg/color__type_support.cpp.o[0m
[9.294s] [ 23%] [32mBuilding CXX object CMakeFiles/turtlesim__rosidl_typesupport_cpp.dir/rosidl_typesupport_cpp/turtlesim/srv/kill__type_support.cpp.o[0m
[9.294s] [ 24%] [32mBuilding CXX object CMakeFiles/turtlesim__rosidl_typesupport_cpp.dir/rosidl_typesupport_cpp/turtlesim/srv/set_pen__type_support.cpp.o[0m
[9.368s] [ 25%] [32mBuilding CXX object CMakeFiles/turtlesim__rosidl_typesupport_c.dir/rosidl_typesupport_c/turtlesim/msg/pose__type_support.cpp.o[0m
[9.445s] [ 26%] [32mBuilding CXX object CMakeFiles/turtlesim__rosidl_typesupport_c.dir/rosidl_typesupport_c/turtlesim/srv/kill__type_support.cpp.o[0m
[9.528s] [ 27%] [32mBuilding CXX object CMakeFiles/turtlesim__rosidl_typesupport_c.dir/rosidl_typesupport_c/turtlesim/srv/set_pen__type_support.cpp.o[0m
[9.617s] [ 28%] [32mBuilding CXX object CMakeFiles/turtlesim__rosidl_typesupport_c.dir/rosidl_typesupport_c/turtlesim/srv/spawn__type_support.cpp.o[0m
[9.644s] [ 29%] [32mBuilding CXX object CMakeFiles/turtlesim__rosidl_typesupport_introspection_cpp.dir/rosidl_typesupport_introspection_cpp/turtlesim/action/detail/rotate_absolute__type_support.cpp.o[0m
[9.787s] [ 30%] [32mBuilding CXX object CMakeFiles/turtlesim__rosidl_typesupport_c.dir/rosidl_typesupport_c/turtlesim/srv/teleport_absolute__type_support.cpp.o[0m
[9.835s] [ 31%] [32mBuilding CXX object CMakeFiles/turtlesim__rosidl_typesupport_c.dir/rosidl_typesupport_c/turtlesim/srv/teleport_relative__type_support.cpp.o[0m
[9.882s] [ 32%] [32mBuilding CXX object CMakeFiles/turtlesim__rosidl_typesupport_cpp.dir/rosidl_typesupport_cpp/turtlesim/srv/spawn__type_support.cpp.o[0m
[9.926s] [ 33%] [32m[1mLinking CXX shared library libturtlesim__rosidl_typesupport_c.so[0m
[10.016s] [ 34%] [32mBuilding CXX object CMakeFiles/turtlesim__rosidl_typesupport_cpp.dir/rosidl_typesupport_cpp/turtlesim/srv/teleport_absolute__type_support.cpp.o[0m
[10.060s] [ 34%] Built target turtlesim__rosidl_typesupport_c
[10.074s] [ 35%] [32mBuilding CXX object CMakeFiles/turtlesim__rosidl_typesupport_cpp.dir/rosidl_typesupport_cpp/turtlesim/srv/teleport_relative__type_support.cpp.o[0m
[10.146s] [ 36%] [32mBuilding CXX object CMakeFiles/turtlesim__rosidl_typesupport_introspection_cpp.dir/rosidl_typesupport_introspection_cpp/turtlesim/msg/detail/color__type_support.cpp.o[0m
[10.195s] [ 37%] [32mBuilding CXX object CMakeFiles/turtlesim__rosidl_typesupport_fastrtps_cpp.dir/rosidl_typesupport_fastrtps_cpp/turtlesim/action/detail/dds_fastrtps/rotate_absolute__type_support.cpp.o[0m
[10.619s] [ 38%] [32mBuilding C object CMakeFiles/turtlesim__rosidl_typesupport_introspection_c.dir/rosidl_typesupport_introspection_c/turtlesim/action/detail/rotate_absolute__type_support.c.o[0m
[10.655s] [ 39%] [32mBuilding CXX object CMakeFiles/turtlesim__rosidl_typesupport_fastrtps_c.dir/rosidl_typesupport_fastrtps_c/turtlesim/action/detail/rotate_absolute__type_support_c.cpp.o[0m
[10.689s] [ 40%] [32mBuilding C object CMakeFiles/turtlesim__rosidl_typesupport_introspection_c.dir/rosidl_typesupport_introspection_c/turtlesim/msg/detail/color__type_support.c.o[0m
[10.756s] [ 41%] [32mBuilding CXX object CMakeFiles/turtlesim__rosidl_typesupport_introspection_cpp.dir/rosidl_typesupport_introspection_cpp/turtlesim/msg/detail/pose__type_support.cpp.o[0m
[10.787s] [ 42%] [32mBuilding C object CMakeFiles/turtlesim__rosidl_typesupport_introspection_c.dir/rosidl_typesupport_introspection_c/turtlesim/msg/detail/pose__type_support.c.o[0m
[10.803s] [ 43%] [32mBuilding C object CMakeFiles/turtlesim__rosidl_typesupport_introspection_c.dir/rosidl_typesupport_introspection_c/turtlesim/srv/detail/kill__type_support.c.o[0m
[10.877s] [ 44%] [32m[1mLinking CXX shared library libturtlesim__rosidl_typesupport_cpp.so[0m
[10.878s] [ 45%] [32mBuilding CXX object CMakeFiles/turtlesim__rosidl_typesupport_introspection_cpp.dir/rosidl_typesupport_introspection_cpp/turtlesim/srv/detail/kill__type_support.cpp.o[0m
[10.910s] [ 46%] [32mBuilding C object CMakeFiles/turtlesim__rosidl_typesupport_introspection_c.dir/rosidl_typesupport_introspection_c/turtlesim/srv/detail/set_pen__type_support.c.o[0m
[11.050s] [ 46%] Built target turtlesim__rosidl_typesupport_cpp
[11.078s] [ 47%] [34m[1mGenerating include/turtlesim/moc_turtle_frame.cpp[0m
[11.078s] [ 48%] [32mBuilding C object CMakeFiles/turtlesim__rosidl_typesupport_introspection_c.dir/rosidl_typesupport_introspection_c/turtlesim/srv/detail/spawn__type_support.c.o[0m
[11.178s] [ 49%] [32mBuilding CXX object CMakeFiles/turtlesim__rosidl_typesupport_introspection_cpp.dir/rosidl_typesupport_introspection_cpp/turtlesim/srv/detail/set_pen__type_support.cpp.o[0m
[11.197s] [ 50%] [32mBuilding C object CMakeFiles/turtlesim__rosidl_typesupport_introspection_c.dir/rosidl_typesupport_introspection_c/turtlesim/srv/detail/teleport_absolute__type_support.c.o[0m
[11.286s] [ 51%] [32mBuilding C object CMakeFiles/turtlesim__rosidl_typesupport_introspection_c.dir/rosidl_typesupport_introspection_c/turtlesim/srv/detail/teleport_relative__type_support.c.o[0m
[11.378s] [ 52%] [32m[1mLinking C shared library libturtlesim__rosidl_typesupport_introspection_c.so[0m
[11.390s] [ 53%] [32mBuilding CXX object CMakeFiles/turtlesim_node.dir/src/turtlesim.cpp.o[0m
[11.427s] [ 54%] [32mBuilding CXX object CMakeFiles/turtlesim__rosidl_typesupport_introspection_cpp.dir/rosidl_typesupport_introspection_cpp/turtlesim/srv/detail/spawn__type_support.cpp.o[0m
[11.478s] [ 54%] Built target turtlesim__rosidl_typesupport_introspection_c
[11.501s] [ 55%] [32mBuilding CXX object CMakeFiles/turtlesim_node.dir/src/turtle.cpp.o[0m
[11.774s] [ 56%] [32mBuilding CXX object CMakeFiles/turtlesim__rosidl_typesupport_fastrtps_c.dir/rosidl_typesupport_fastrtps_c/turtlesim/msg/detail/color__type_support_c.cpp.o[0m
[11.904s] [ 57%] [32mBuilding CXX object CMakeFiles/turtlesim_node.dir/src/turtle_frame.cpp.o[0m
[11.946s] [ 58%] [32mBuilding CXX object CMakeFiles/turtlesim__rosidl_typesupport_fastrtps_cpp.dir/rosidl_typesupport_fastrtps_cpp/turtlesim/msg/detail/dds_fastrtps/color__type_support.cpp.o[0m
[12.068s] [ 59%] [32mBuilding CXX object CMakeFiles/turtlesim_node.dir/include/turtlesim/moc_turtle_frame.cpp.o[0m
[12.268s] [ 60%] [32mBuilding CXX object CMakeFiles/turtlesim__rosidl_typesupport_introspection_cpp.dir/rosidl_typesupport_introspection_cpp/turtlesim/srv/detail/teleport_absolute__type_support.cpp.o[0m
[12.434s] [ 61%] [32mBuilding CXX object CMakeFiles/turtlesim__rosidl_typesupport_introspection_cpp.dir/rosidl_typesupport_introspection_cpp/turtlesim/srv/detail/teleport_relative__type_support.cpp.o[0m
[12.585s] [ 62%] [32mBuilding CXX object CMakeFiles/turtlesim__rosidl_typesupport_fastrtps_c.dir/rosidl_typesupport_fastrtps_c/turtlesim/msg/detail/pose__type_support_c.cpp.o[0m
[13.039s] [ 63%] [32mBuilding CXX object CMakeFiles/turtlesim__rosidl_typesupport_fastrtps_cpp.dir/rosidl_typesupport_fastrtps_cpp/turtlesim/msg/detail/dds_fastrtps/pose__type_support.cpp.o[0m
[13.376s] [ 64%] [32mBuilding CXX object CMakeFiles/turtlesim__rosidl_typesupport_fastrtps_cpp.dir/rosidl_typesupport_fastrtps_cpp/turtlesim/srv/detail/dds_fastrtps/kill__type_support.cpp.o[0m
[13.547s] [ 65%] [32m[1mLinking CXX shared library libturtlesim__rosidl_typesupport_introspection_cpp.so[0m
[13.594s] [ 66%] [32mBuilding CXX object CMakeFiles/turtlesim__rosidl_typesupport_fastrtps_c.dir/rosidl_typesupport_fastrtps_c/turtlesim/srv/detail/kill__type_support_c.cpp.o[0m
[13.759s] [ 66%] Built target turtlesim__rosidl_typesupport_introspection_cpp
[13.813s] [ 67%] [32mBuilding CXX object CMakeFiles/turtle_teleop_key.dir/tutorials/teleop_turtle_key.cpp.o[0m
[14.259s] [ 68%] [32mBuilding CXX object CMakeFiles/turtlesim__rosidl_typesupport_fastrtps_cpp.dir/rosidl_typesupport_fastrtps_cpp/turtlesim/srv/detail/dds_fastrtps/set_pen__type_support.cpp.o[0m
[14.603s] [ 69%] [32mBuilding CXX object CMakeFiles/turtlesim__rosidl_typesupport_fastrtps_cpp.dir/rosidl_typesupport_fastrtps_cpp/turtlesim/srv/detail/dds_fastrtps/spawn__type_support.cpp.o[0m
[14.646s] [ 70%] [32mBuilding CXX object CMakeFiles/turtlesim__rosidl_typesupport_fastrtps_c.dir/rosidl_typesupport_fastrtps_c/turtlesim/srv/detail/set_pen__type_support_c.cpp.o[0m
[15.509s] [ 71%] [32mBuilding CXX object CMakeFiles/turtlesim__rosidl_typesupport_fastrtps_cpp.dir/rosidl_typesupport_fastrtps_cpp/turtlesim/srv/detail/dds_fastrtps/teleport_absolute__type_support.cpp.o[0m
[15.695s] [ 72%] [32mBuilding CXX object CMakeFiles/turtlesim__rosidl_typesupport_fastrtps_c.dir/rosidl_typesupport_fastrtps_c/turtlesim/srv/detail/spawn__type_support_c.cpp.o[0m
[15.930s] [ 73%] [32mBuilding CXX object CMakeFiles/turtlesim__rosidl_typesupport_fastrtps_cpp.dir/rosidl_typesupport_fastrtps_cpp/turtlesim/srv/detail/dds_fastrtps/teleport_relative__type_support.cpp.o[0m
[16.767s] [ 74%] [32mBuilding CXX object CMakeFiles/turtlesim__rosidl_typesupport_fastrtps_c.dir/rosidl_typesupport_fastrtps_c/turtlesim/srv/detail/teleport_absolute__type_support_c.cpp.o[0m
[16.887s] [ 75%] [32mBuilding CXX object CMakeFiles/turtlesim__rosidl_typesupport_fastrtps_c.dir/rosidl_typesupport_fastrtps_c/turtlesim/srv/detail/teleport_relative__type_support_c.cpp.o[0m
[17.175s] [ 76%] [32m[1mLinking CXX shared library libturtlesim__rosidl_typesupport_fastrtps_cpp.so[0m
[17.411s] [ 76%] Built target turtlesim__rosidl_typesupport_fastrtps_cpp
[17.469s] [ 77%] [32mBuilding CXX object CMakeFiles/draw_square.dir/tutorials/draw_square.cpp.o[0m
[17.871s] [ 78%] [32mBuilding CXX object CMakeFiles/mimic.dir/tutorials/mimic.cpp.o[0m
[17.994s] [ 79%] [32m[1mLinking CXX shared library libturtlesim__rosidl_typesupport_fastrtps_c.so[0m
[18.225s] [ 79%] Built target turtlesim__rosidl_typesupport_fastrtps_c
[18.277s] [ 79%] Built target turtlesim
[18.329s] [ 80%] [34m[1mGenerating Python code for ROS interfaces[0m
[25.450s] [ 80%] Built target turtlesim__py
[25.506s] [ 81%] [32mBuilding C object CMakeFiles/turtlesim__rosidl_generator_py.dir/rosidl_generator_py/turtlesim/action/_rotate_absolute_s.c.o[0m
[25.506s] [ 82%] [32mBuilding C object CMakeFiles/turtlesim__rosidl_generator_py.dir/rosidl_generator_py/turtlesim/msg/_pose_s.c.o[0m
[25.508s] [ 83%] [32mBuilding C object CMakeFiles/turtlesim__rosidl_generator_py.dir/rosidl_generator_py/turtlesim/msg/_color_s.c.o[0m
[25.868s] [ 84%] [32mBuilding C object CMakeFiles/turtlesim__rosidl_generator_py.dir/rosidl_generator_py/turtlesim/srv/_kill_s.c.o[0m
[25.870s] [ 85%] [32mBuilding C object CMakeFiles/turtlesim__rosidl_generator_py.dir/rosidl_generator_py/turtlesim/srv/_set_pen_s.c.o[0m
[25.994s] [ 86%] [32mBuilding C object CMakeFiles/turtlesim__rosidl_generator_py.dir/rosidl_generator_py/turtlesim/srv/_spawn_s.c.o[0m
[26.203s] [ 87%] [32mBuilding C object CMakeFiles/turtlesim__rosidl_generator_py.dir/rosidl_generator_py/turtlesim/srv/_teleport_absolute_s.c.o[0m
[26.255s] [ 88%] [32mBuilding C object CMakeFiles/turtlesim__rosidl_generator_py.dir/rosidl_generator_py/turtlesim/srv/_teleport_relative_s.c.o[0m
[26.602s] [ 89%] [32m[1mLinking C shared library rosidl_generator_py/turtlesim/libturtlesim__rosidl_generator_py.so[0m
[26.726s] [ 89%] Built target turtlesim__rosidl_generator_py
[26.785s] [ 91%] [32mBuilding C object CMakeFiles/turtlesim__rosidl_typesupport_introspection_c__pyext.dir/rosidl_generator_py/turtlesim/_turtlesim_s.ep.rosidl_typesupport_introspection_c.c.o[0m
[26.785s] [ 91%] [32mBuilding C object CMakeFiles/turtlesim__rosidl_typesupport_fastrtps_c__pyext.dir/rosidl_generator_py/turtlesim/_turtlesim_s.ep.rosidl_typesupport_fastrtps_c.c.o[0m
[26.786s] [ 92%] [32mBuilding C object CMakeFiles/turtlesim__rosidl_typesupport_c__pyext.dir/rosidl_generator_py/turtlesim/_turtlesim_s.ep.rosidl_typesupport_c.c.o[0m
[27.303s] [ 93%] [32m[1mLinking C shared library rosidl_generator_py/turtlesim/turtlesim_s__rosidl_typesupport_introspection_c.cpython-310-x86_64-linux-gnu.so[0m
[27.307s] [ 94%] [32m[1mLinking C shared library rosidl_generator_py/turtlesim/turtlesim_s__rosidl_typesupport_c.cpython-310-x86_64-linux-gnu.so[0m
[27.379s] [ 95%] [32m[1mLinking C shared library rosidl_generator_py/turtlesim/turtlesim_s__rosidl_typesupport_fastrtps_c.cpython-310-x86_64-linux-gnu.so[0m
[27.415s] [ 95%] Built target turtlesim__rosidl_typesupport_introspection_c__pyext
[27.430s] [ 95%] Built target turtlesim__rosidl_typesupport_c__pyext
[27.483s] [ 95%] Built target turtlesim__rosidl_typesupport_fastrtps_c__pyext
[30.356s] [ 96%] [32m[1mLinking CXX executable turtle_teleop_key[0m
[31.137s] [ 96%] Built target turtle_teleop_key
[38.820s] [ 97%] [32m[1mLinking CXX executable draw_square[0m
[39.065s] [ 98%] [32m[1mLinking CXX executable mimic[0m
[39.752s] [ 98%] Built target draw_square
[39.875s] [ 98%] Built target mimic
[42.155s] [100%] [32m[1mLinking CXX executable turtlesim_node[0m
[45.969s] [100%] Built target turtlesim_node
[46.004s] Invoked command in '/home/alyssoncastro/Scripts/mapa/ros2_workspace/build/turtlesim' returned '0': CMAKE_PREFIX_PATH=/opt/ros/humble /usr/bin/cmake --build /home/alyssoncastro/Scripts/mapa/ros2_workspace/build/turtlesim -- -j8 -l8
[46.371s] Invoking command in '/home/alyssoncastro/Scripts/mapa/ros2_workspace/build/turtlesim': CMAKE_PREFIX_PATH=/opt/ros/humble /usr/bin/cmake --install /home/alyssoncastro/Scripts/mapa/ros2_workspace/build/turtlesim
[46.388s] -- Install configuration: ""
[46.389s] -- Installing: /home/alyssoncastro/Scripts/mapa/ros2_workspace/install/turtlesim/share/ament_index/resource_index/rosidl_interfaces/turtlesim
[46.389s] -- Installing: /home/alyssoncastro/Scripts/mapa/ros2_workspace/install/turtlesim/include/turtlesim/turtlesim
[46.390s] -- Installing: /home/alyssoncastro/Scripts/mapa/ros2_workspace/install/turtlesim/include/turtlesim/turtlesim/action
[46.390s] -- Installing: /home/alyssoncastro/Scripts/mapa/ros2_workspace/install/turtlesim/include/turtlesim/turtlesim/action/rotate_absolute.h
[46.390s] -- Installing: /home/alyssoncastro/Scripts/mapa/ros2_workspace/install/turtlesim/include/turtlesim/turtlesim/action/detail
[46.390s] -- Installing: /home/alyssoncastro/Scripts/mapa/ros2_workspace/install/turtlesim/include/turtlesim/turtlesim/action/detail/rotate_absolute__functions.c
[46.390s] -- Installing: /home/alyssoncastro/Scripts/mapa/ros2_workspace/install/turtlesim/include/turtlesim/turtlesim/action/detail/rotate_absolute__functions.h
[46.390s] -- Installing: /home/alyssoncastro/Scripts/mapa/ros2_workspace/install/turtlesim/include/turtlesim/turtlesim/action/detail/rotate_absolute__struct.h
[46.391s] -- Installing: /home/alyssoncastro/Scripts/mapa/ros2_workspace/install/turtlesim/include/turtlesim/turtlesim/action/detail/rotate_absolute__type_support.h
[46.391s] -- Installing: /home/alyssoncastro/Scripts/mapa/ros2_workspace/install/turtlesim/include/turtlesim/turtlesim/srv
[46.391s] -- Installing: /home/alyssoncastro/Scripts/mapa/ros2_workspace/install/turtlesim/include/turtlesim/turtlesim/srv/set_pen.h
[46.391s] -- Installing: /home/alyssoncastro/Scripts/mapa/ros2_workspace/install/turtlesim/include/turtlesim/turtlesim/srv/detail
[46.391s] -- Installing: /home/alyssoncastro/Scripts/mapa/ros2_workspace/install/turtlesim/include/turtlesim/turtlesim/srv/detail/teleport_relative__functions.c
[46.391s] -- Installing: /home/alyssoncastro/Scripts/mapa/ros2_workspace/install/turtlesim/include/turtlesim/turtlesim/srv/detail/teleport_absolute__functions.h
[46.391s] -- Installing: /home/alyssoncastro/Scripts/mapa/ros2_workspace/install/turtlesim/include/turtlesim/turtlesim/srv/detail/teleport_relative__functions.h
[46.392s] -- Installing: /home/alyssoncastro/Scripts/mapa/ros2_workspace/install/turtlesim/include/turtlesim/turtlesim/srv/detail/set_pen__type_support.h
[46.392s] -- Installing: /home/alyssoncastro/Scripts/mapa/ros2_workspace/install/turtlesim/include/turtlesim/turtlesim/srv/detail/kill__struct.h
[46.392s] -- Installing: /home/alyssoncastro/Scripts/mapa/ros2_workspace/install/turtlesim/include/turtlesim/turtlesim/srv/detail/teleport_relative__struct.h
[46.392s] -- Installing: /home/alyssoncastro/Scripts/mapa/ros2_workspace/install/turtlesim/include/turtlesim/turtlesim/srv/detail/set_pen__functions.c
[46.392s] -- Installing: /home/alyssoncastro/Scripts/mapa/ros2_workspace/install/turtlesim/include/turtlesim/turtlesim/srv/detail/spawn__functions.h
[46.392s] -- Installing: /home/alyssoncastro/Scripts/mapa/ros2_workspace/install/turtlesim/include/turtlesim/turtlesim/srv/detail/spawn__struct.h
[46.392s] -- Installing: /home/alyssoncastro/Scripts/mapa/ros2_workspace/install/turtlesim/include/turtlesim/turtlesim/srv/detail/teleport_relative__type_support.h
[46.393s] -- Installing: /home/alyssoncastro/Scripts/mapa/ros2_workspace/install/turtlesim/include/turtlesim/turtlesim/srv/detail/teleport_absolute__type_support.h
[46.393s] -- Installing: /home/alyssoncastro/Scripts/mapa/ros2_workspace/install/turtlesim/include/turtlesim/turtlesim/srv/detail/kill__functions.c
[46.393s] -- Installing: /home/alyssoncastro/Scripts/mapa/ros2_workspace/install/turtlesim/include/turtlesim/turtlesim/srv/detail/set_pen__functions.h
[46.393s] -- Installing: /home/alyssoncastro/Scripts/mapa/ros2_workspace/install/turtlesim/include/turtlesim/turtlesim/srv/detail/set_pen__struct.h
[46.393s] -- Installing: /home/alyssoncastro/Scripts/mapa/ros2_workspace/install/turtlesim/include/turtlesim/turtlesim/srv/detail/kill__type_support.h
[46.393s] -- Installing: /home/alyssoncastro/Scripts/mapa/ros2_workspace/install/turtlesim/include/turtlesim/turtlesim/srv/detail/kill__functions.h
[46.393s] -- Installing: /home/alyssoncastro/Scripts/mapa/ros2_workspace/install/turtlesim/include/turtlesim/turtlesim/srv/detail/teleport_absolute__functions.c
[46.393s] -- Installing: /home/alyssoncastro/Scripts/mapa/ros2_workspace/install/turtlesim/include/turtlesim/turtlesim/srv/detail/teleport_absolute__struct.h
[46.394s] -- Installing: /home/alyssoncastro/Scripts/mapa/ros2_workspace/install/turtlesim/include/turtlesim/turtlesim/srv/detail/spawn__type_support.h
[46.394s] -- Installing: /home/alyssoncastro/Scripts/mapa/ros2_workspace/install/turtlesim/include/turtlesim/turtlesim/srv/detail/spawn__functions.c
[46.394s] -- Installing: /home/alyssoncastro/Scripts/mapa/ros2_workspace/install/turtlesim/include/turtlesim/turtlesim/srv/teleport_relative.h
[46.394s] -- Installing: /home/alyssoncastro/Scripts/mapa/ros2_workspace/install/turtlesim/include/turtlesim/turtlesim/srv/teleport_absolute.h
[46.395s] -- Installing: /home/alyssoncastro/Scripts/mapa/ros2_workspace/install/turtlesim/include/turtlesim/turtlesim/srv/spawn.h
[46.395s] -- Installing: /home/alyssoncastro/Scripts/mapa/ros2_workspace/install/turtlesim/include/turtlesim/turtlesim/srv/kill.h
[46.395s] -- Installing: /home/alyssoncastro/Scripts/mapa/ros2_workspace/install/turtlesim/include/turtlesim/turtlesim/msg
[46.395s] -- Installing: /home/alyssoncastro/Scripts/mapa/ros2_workspace/install/turtlesim/include/turtlesim/turtlesim/msg/color.h
[46.395s] -- Installing: /home/alyssoncastro/Scripts/mapa/ros2_workspace/install/turtlesim/include/turtlesim/turtlesim/msg/pose.h
[46.395s] -- Installing: /home/alyssoncastro/Scripts/mapa/ros2_workspace/install/turtlesim/include/turtlesim/turtlesim/msg/rosidl_generator_c__visibility_control.h
[46.396s] -- Installing: /home/alyssoncastro/Scripts/mapa/ros2_workspace/install/turtlesim/include/turtlesim/turtlesim/msg/detail
[46.396s] -- Installing: /home/alyssoncastro/Scripts/mapa/ros2_workspace/install/turtlesim/include/turtlesim/turtlesim/msg/detail/color__functions.c
[46.396s] -- Installing: /home/alyssoncastro/Scripts/mapa/ros2_workspace/install/turtlesim/include/turtlesim/turtlesim/msg/detail/pose__functions.h
[46.396s] -- Installing: /home/alyssoncastro/Scripts/mapa/ros2_workspace/install/turtlesim/include/turtlesim/turtlesim/msg/detail/color__struct.h
[46.396s] -- Installing: /home/alyssoncastro/Scripts/mapa/ros2_workspace/install/turtlesim/include/turtlesim/turtlesim/msg/detail/color__type_support.h
[46.396s] -- Installing: /home/alyssoncastro/Scripts/mapa/ros2_workspace/install/turtlesim/include/turtlesim/turtlesim/msg/detail/pose__functions.c
[46.397s] -- Installing: /home/alyssoncastro/Scripts/mapa/ros2_workspace/install/turtlesim/include/turtlesim/turtlesim/msg/detail/pose__type_support.h
[46.397s] -- Installing: /home/alyssoncastro/Scripts/mapa/ros2_workspace/install/turtlesim/include/turtlesim/turtlesim/msg/detail/color__functions.h
[46.397s] -- Installing: /home/alyssoncastro/Scripts/mapa/ros2_workspace/install/turtlesim/include/turtlesim/turtlesim/msg/detail/pose__struct.h
[46.397s] -- Installing: /home/alyssoncastro/Scripts/mapa/ros2_workspace/install/turtlesim/share/turtlesim/environment/library_path.sh
[46.397s] -- Installing: /home/alyssoncastro/Scripts/mapa/ros2_workspace/install/turtlesim/share/turtlesim/environment/library_path.dsv
[46.398s] -- Installing: /home/alyssoncastro/Scripts/mapa/ros2_workspace/install/turtlesim/lib/libturtlesim__rosidl_generator_c.so
[46.398s] -- Set runtime path of "/home/alyssoncastro/Scripts/mapa/ros2_workspace/install/turtlesim/lib/libturtlesim__rosidl_generator_c.so" to ""
[46.398s] -- Up-to-date: /home/alyssoncastro/Scripts/mapa/ros2_workspace/install/turtlesim/include/turtlesim/turtlesim
[46.399s] -- Up-to-date: /home/alyssoncastro/Scripts/mapa/ros2_workspace/install/turtlesim/include/turtlesim/turtlesim/action
[46.399s] -- Up-to-date: /home/alyssoncastro/Scripts/mapa/ros2_workspace/install/turtlesim/include/turtlesim/turtlesim/action/detail
[46.399s] -- Installing: /home/alyssoncastro/Scripts/mapa/ros2_workspace/install/turtlesim/include/turtlesim/turtlesim/action/detail/rotate_absolute__rosidl_typesupport_fastrtps_c.h
[46.399s] -- Up-to-date: /home/alyssoncastro/Scripts/mapa/ros2_workspace/install/turtlesim/include/turtlesim/turtlesim/srv
[46.399s] -- Up-to-date: /home/alyssoncastro/Scripts/mapa/ros2_workspace/install/turtlesim/include/turtlesim/turtlesim/srv/detail
[46.399s] -- Installing: /home/alyssoncastro/Scripts/mapa/ros2_workspace/install/turtlesim/include/turtlesim/turtlesim/srv/detail/set_pen__rosidl_typesupport_fastrtps_c.h
[46.399s] -- Installing: /home/alyssoncastro/Scripts/mapa/ros2_workspace/install/turtlesim/include/turtlesim/turtlesim/srv/detail/kill__rosidl_typesupport_fastrtps_c.h
[46.399s] -- Installing: /home/alyssoncastro/Scripts/mapa/ros2_workspace/install/turtlesim/include/turtlesim/turtlesim/srv/detail/spawn__rosidl_typesupport_fastrtps_c.h
[46.400s] -- Installing: /home/alyssoncastro/Scripts/mapa/ros2_workspace/install/turtlesim/include/turtlesim/turtlesim/srv/detail/teleport_absolute__rosidl_typesupport_fastrtps_c.h
[46.400s] -- Installing: /home/alyssoncastro/Scripts/mapa/ros2_workspace/install/turtlesim/include/turtlesim/turtlesim/srv/detail/teleport_relative__rosidl_typesupport_fastrtps_c.h
[46.400s] -- Up-to-date: /home/alyssoncastro/Scripts/mapa/ros2_workspace/install/turtlesim/include/turtlesim/turtlesim/msg
[46.400s] -- Installing: /home/alyssoncastro/Scripts/mapa/ros2_workspace/install/turtlesim/include/turtlesim/turtlesim/msg/rosidl_typesupport_fastrtps_c__visibility_control.h
[46.400s] -- Up-to-date: /home/alyssoncastro/Scripts/mapa/ros2_workspace/install/turtlesim/include/turtlesim/turtlesim/msg/detail
[46.400s] -- Installing: /home/alyssoncastro/Scripts/mapa/ros2_workspace/install/turtlesim/include/turtlesim/turtlesim/msg/detail/color__rosidl_typesupport_fastrtps_c.h
[46.400s] -- Installing: /home/alyssoncastro/Scripts/mapa/ros2_workspace/install/turtlesim/include/turtlesim/turtlesim/msg/detail/pose__rosidl_typesupport_fastrtps_c.h
[46.400s] -- Installing: /home/alyssoncastro/Scripts/mapa/ros2_workspace/install/turtlesim/lib/libturtlesim__rosidl_typesupport_fastrtps_c.so
[46.401s] -- Set runtime path of "/home/alyssoncastro/Scripts/mapa/ros2_workspace/install/turtlesim/lib/libturtlesim__rosidl_typesupport_fastrtps_c.so" to ""
[46.402s] -- Up-to-date: /home/alyssoncastro/Scripts/mapa/ros2_workspace/install/turtlesim/include/turtlesim/turtlesim
[46.402s] -- Up-to-date: /home/alyssoncastro/Scripts/mapa/ros2_workspace/install/turtlesim/include/turtlesim/turtlesim/action
[46.402s] -- Up-to-date: /home/alyssoncastro/Scripts/mapa/ros2_workspace/install/turtlesim/include/turtlesim/turtlesim/action/detail
[46.402s] -- Installing: /home/alyssoncastro/Scripts/mapa/ros2_workspace/install/turtlesim/include/turtlesim/turtlesim/action/detail/rotate_absolute__builder.hpp
[46.402s] -- Installing: /home/alyssoncastro/Scripts/mapa/ros2_workspace/install/turtlesim/include/turtlesim/turtlesim/action/detail/rotate_absolute__struct.hpp
[46.402s] -- Installing: /home/alyssoncastro/Scripts/mapa/ros2_workspace/install/turtlesim/include/turtlesim/turtlesim/action/detail/rotate_absolute__traits.hpp
[46.402s] -- Installing: /home/alyssoncastro/Scripts/mapa/ros2_workspace/install/turtlesim/include/turtlesim/turtlesim/action/rotate_absolute.hpp
[46.403s] -- Up-to-date: /home/alyssoncastro/Scripts/mapa/ros2_workspace/install/turtlesim/include/turtlesim/turtlesim/srv
[46.403s] -- Installing: /home/alyssoncastro/Scripts/mapa/ros2_workspace/install/turtlesim/include/turtlesim/turtlesim/srv/spawn.hpp
[46.403s] -- Installing: /home/alyssoncastro/Scripts/mapa/ros2_workspace/install/turtlesim/include/turtlesim/turtlesim/srv/teleport_absolute.hpp
[46.403s] -- Up-to-date: /home/alyssoncastro/Scripts/mapa/ros2_workspace/install/turtlesim/include/turtlesim/turtlesim/srv/detail
[46.404s] -- Installing: /home/alyssoncastro/Scripts/mapa/ros2_workspace/install/turtlesim/include/turtlesim/turtlesim/srv/detail/kill__traits.hpp
[46.404s] -- Installing: /home/alyssoncastro/Scripts/mapa/ros2_workspace/install/turtlesim/include/turtlesim/turtlesim/srv/detail/teleport_relative__traits.hpp
[46.404s] -- Installing: /home/alyssoncastro/Scripts/mapa/ros2_workspace/install/turtlesim/include/turtlesim/turtlesim/srv/detail/kill__builder.hpp
[46.404s] -- Installing: /home/alyssoncastro/Scripts/mapa/ros2_workspace/install/turtlesim/include/turtlesim/turtlesim/srv/detail/spawn__struct.hpp
[46.404s] -- Installing: /home/alyssoncastro/Scripts/mapa/ros2_workspace/install/turtlesim/include/turtlesim/turtlesim/srv/detail/spawn__builder.hpp
[46.404s] -- Installing: /home/alyssoncastro/Scripts/mapa/ros2_workspace/install/turtlesim/include/turtlesim/turtlesim/srv/detail/set_pen__builder.hpp
[46.404s] -- Installing: /home/alyssoncastro/Scripts/mapa/ros2_workspace/install/turtlesim/include/turtlesim/turtlesim/srv/detail/teleport_absolute__builder.hpp
[46.405s] -- Installing: /home/alyssoncastro/Scripts/mapa/ros2_workspace/install/turtlesim/include/turtlesim/turtlesim/srv/detail/set_pen__traits.hpp
[46.405s] -- Installing: /home/alyssoncastro/Scripts/mapa/ros2_workspace/install/turtlesim/include/turtlesim/turtlesim/srv/detail/kill__struct.hpp
[46.405s] -- Installing: /home/alyssoncastro/Scripts/mapa/ros2_workspace/install/turtlesim/include/turtlesim/turtlesim/srv/detail/teleport_absolute__traits.hpp
[46.405s] -- Installing: /home/alyssoncastro/Scripts/mapa/ros2_workspace/install/turtlesim/include/turtlesim/turtlesim/srv/detail/spawn__traits.hpp
[46.405s] -- Installing: /home/alyssoncastro/Scripts/mapa/ros2_workspace/install/turtlesim/include/turtlesim/turtlesim/srv/detail/set_pen__struct.hpp
[46.405s] -- Installing: /home/alyssoncastro/Scripts/mapa/ros2_workspace/install/turtlesim/include/turtlesim/turtlesim/srv/detail/teleport_absolute__struct.hpp
[46.405s] -- Installing: /home/alyssoncastro/Scripts/mapa/ros2_workspace/install/turtlesim/include/turtlesim/turtlesim/srv/detail/teleport_relative__struct.hpp
[46.406s] -- Installing: /home/alyssoncastro/Scripts/mapa/ros2_workspace/install/turtlesim/include/turtlesim/turtlesim/srv/detail/teleport_relative__builder.hpp
[46.406s] -- Installing: /home/alyssoncastro/Scripts/mapa/ros2_workspace/install/turtlesim/include/turtlesim/turtlesim/srv/set_pen.hpp
[46.406s] -- Installing: /home/alyssoncastro/Scripts/mapa/ros2_workspace/install/turtlesim/include/turtlesim/turtlesim/srv/teleport_relative.hpp
[46.406s] -- Installing: /home/alyssoncastro/Scripts/mapa/ros2_workspace/install/turtlesim/include/turtlesim/turtlesim/srv/kill.hpp
[46.406s] -- Up-to-date: /home/alyssoncastro/Scripts/mapa/ros2_workspace/install/turtlesim/include/turtlesim/turtlesim/msg
[46.406s] -- Up-to-date: /home/alyssoncastro/Scripts/mapa/ros2_workspace/install/turtlesim/include/turtlesim/turtlesim/msg/detail
[46.406s] -- Installing: /home/alyssoncastro/Scripts/mapa/ros2_workspace/install/turtlesim/include/turtlesim/turtlesim/msg/detail/pose__traits.hpp
[46.406s] -- Installing: /home/alyssoncastro/Scripts/mapa/ros2_workspace/install/turtlesim/include/turtlesim/turtlesim/msg/detail/color__builder.hpp
[46.407s] -- Installing: /home/alyssoncastro/Scripts/mapa/ros2_workspace/install/turtlesim/include/turtlesim/turtlesim/msg/detail/pose__builder.hpp
[46.407s] -- Installing: /home/alyssoncastro/Scripts/mapa/ros2_workspace/install/turtlesim/include/turtlesim/turtlesim/msg/detail/pose__struct.hpp
[46.407s] -- Installing: /home/alyssoncastro/Scripts/mapa/ros2_workspace/install/turtlesim/include/turtlesim/turtlesim/msg/detail/color__traits.hpp
[46.407s] -- Installing: /home/alyssoncastro/Scripts/mapa/ros2_workspace/install/turtlesim/include/turtlesim/turtlesim/msg/detail/color__struct.hpp
[46.407s] -- Installing: /home/alyssoncastro/Scripts/mapa/ros2_workspace/install/turtlesim/include/turtlesim/turtlesim/msg/color.hpp
[46.407s] -- Installing: /home/alyssoncastro/Scripts/mapa/ros2_workspace/install/turtlesim/include/turtlesim/turtlesim/msg/pose.hpp
[46.407s] -- Up-to-date: /home/alyssoncastro/Scripts/mapa/ros2_workspace/install/turtlesim/include/turtlesim/turtlesim
[46.408s] -- Up-to-date: /home/alyssoncastro/Scripts/mapa/ros2_workspace/install/turtlesim/include/turtlesim/turtlesim/action
[46.408s] -- Up-to-date: /home/alyssoncastro/Scripts/mapa/ros2_workspace/install/turtlesim/include/turtlesim/turtlesim/action/detail
[46.408s] -- Installing: /home/alyssoncastro/Scripts/mapa/ros2_workspace/install/turtlesim/include/turtlesim/turtlesim/action/detail/rotate_absolute__rosidl_typesupport_fastrtps_cpp.hpp
[46.408s] -- Installing: /home/alyssoncastro/Scripts/mapa/ros2_workspace/install/turtlesim/include/turtlesim/turtlesim/action/detail/dds_fastrtps
[46.408s] -- Up-to-date: /home/alyssoncastro/Scripts/mapa/ros2_workspace/install/turtlesim/include/turtlesim/turtlesim/srv
[46.408s] -- Up-to-date: /home/alyssoncastro/Scripts/mapa/ros2_workspace/install/turtlesim/include/turtlesim/turtlesim/srv/detail
[46.408s] -- Installing: /home/alyssoncastro/Scripts/mapa/ros2_workspace/install/turtlesim/include/turtlesim/turtlesim/srv/detail/teleport_absolute__rosidl_typesupport_fastrtps_cpp.hpp
[46.408s] -- Installing: /home/alyssoncastro/Scripts/mapa/ros2_workspace/install/turtlesim/include/turtlesim/turtlesim/srv/detail/spawn__rosidl_typesupport_fastrtps_cpp.hpp
[46.409s] -- Installing: /home/alyssoncastro/Scripts/mapa/ros2_workspace/install/turtlesim/include/turtlesim/turtlesim/srv/detail/set_pen__rosidl_typesupport_fastrtps_cpp.hpp
[46.409s] -- Installing: /home/alyssoncastro/Scripts/mapa/ros2_workspace/install/turtlesim/include/turtlesim/turtlesim/srv/detail/teleport_relative__rosidl_typesupport_fastrtps_cpp.hpp
[46.409s] -- Installing: /home/alyssoncastro/Scripts/mapa/ros2_workspace/install/turtlesim/include/turtlesim/turtlesim/srv/detail/dds_fastrtps
[46.409s] -- Installing: /home/alyssoncastro/Scripts/mapa/ros2_workspace/install/turtlesim/include/turtlesim/turtlesim/srv/detail/kill__rosidl_typesupport_fastrtps_cpp.hpp
[46.409s] -- Up-to-date: /home/alyssoncastro/Scripts/mapa/ros2_workspace/install/turtlesim/include/turtlesim/turtlesim/msg
[46.409s] -- Up-to-date: /home/alyssoncastro/Scripts/mapa/ros2_workspace/install/turtlesim/include/turtlesim/turtlesim/msg/detail
[46.410s] -- Installing: /home/alyssoncastro/Scripts/mapa/ros2_workspace/install/turtlesim/include/turtlesim/turtlesim/msg/detail/pose__rosidl_typesupport_fastrtps_cpp.hpp
[46.410s] -- Installing: /home/alyssoncastro/Scripts/mapa/ros2_workspace/install/turtlesim/include/turtlesim/turtlesim/msg/detail/dds_fastrtps
[46.410s] -- Installing: /home/alyssoncastro/Scripts/mapa/ros2_workspace/install/turtlesim/include/turtlesim/turtlesim/msg/detail/color__rosidl_typesupport_fastrtps_cpp.hpp
[46.410s] -- Installing: /home/alyssoncastro/Scripts/mapa/ros2_workspace/install/turtlesim/include/turtlesim/turtlesim/msg/rosidl_typesupport_fastrtps_cpp__visibility_control.h
[46.410s] -- Installing: /home/alyssoncastro/Scripts/mapa/ros2_workspace/install/turtlesim/lib/libturtlesim__rosidl_typesupport_fastrtps_cpp.so
[46.411s] -- Set runtime path of "/home/alyssoncastro/Scripts/mapa/ros2_workspace/install/turtlesim/lib/libturtlesim__rosidl_typesupport_fastrtps_cpp.so" to ""
[46.411s] -- Up-to-date: /home/alyssoncastro/Scripts/mapa/ros2_workspace/install/turtlesim/include/turtlesim/turtlesim
[46.411s] -- Up-to-date: /home/alyssoncastro/Scripts/mapa/ros2_workspace/install/turtlesim/include/turtlesim/turtlesim/action
[46.411s] -- Up-to-date: /home/alyssoncastro/Scripts/mapa/ros2_workspace/install/turtlesim/include/turtlesim/turtlesim/action/detail
[46.412s] -- Installing: /home/alyssoncastro/Scripts/mapa/ros2_workspace/install/turtlesim/include/turtlesim/turtlesim/action/detail/rotate_absolute__rosidl_typesupport_introspection_c.h
[46.412s] -- Installing: /home/alyssoncastro/Scripts/mapa/ros2_workspace/install/turtlesim/include/turtlesim/turtlesim/action/detail/rotate_absolute__type_support.c
[46.412s] -- Up-to-date: /home/alyssoncastro/Scripts/mapa/ros2_workspace/install/turtlesim/include/turtlesim/turtlesim/srv
[46.412s] -- Up-to-date: /home/alyssoncastro/Scripts/mapa/ros2_workspace/install/turtlesim/include/turtlesim/turtlesim/srv/detail
[46.412s] -- Installing: /home/alyssoncastro/Scripts/mapa/ros2_workspace/install/turtlesim/include/turtlesim/turtlesim/srv/detail/spawn__type_support.c
[46.412s] -- Installing: /home/alyssoncastro/Scripts/mapa/ros2_workspace/install/turtlesim/include/turtlesim/turtlesim/srv/detail/spawn__rosidl_typesupport_introspection_c.h
[46.412s] -- Installing: /home/alyssoncastro/Scripts/mapa/ros2_workspace/install/turtlesim/include/turtlesim/turtlesim/srv/detail/kill__rosidl_typesupport_introspection_c.h
[46.412s] -- Installing: /home/alyssoncastro/Scripts/mapa/ros2_workspace/install/turtlesim/include/turtlesim/turtlesim/srv/detail/set_pen__type_support.c
[46.413s] -- Installing: /home/alyssoncastro/Scripts/mapa/ros2_workspace/install/turtlesim/include/turtlesim/turtlesim/srv/detail/teleport_relative__rosidl_typesupport_introspection_c.h
[46.413s] -- Installing: /home/alyssoncastro/Scripts/mapa/ros2_workspace/install/turtlesim/include/turtlesim/turtlesim/srv/detail/teleport_absolute__type_support.c
[46.413s] -- Installing: /home/alyssoncastro/Scripts/mapa/ros2_workspace/install/turtlesim/include/turtlesim/turtlesim/srv/detail/kill__type_support.c
[46.413s] -- Installing: /home/alyssoncastro/Scripts/mapa/ros2_workspace/install/turtlesim/include/turtlesim/turtlesim/srv/detail/teleport_absolute__rosidl_typesupport_introspection_c.h
[46.413s] -- Installing: /home/alyssoncastro/Scripts/mapa/ros2_workspace/install/turtlesim/include/turtlesim/turtlesim/srv/detail/teleport_relative__type_support.c
[46.413s] -- Installing: /home/alyssoncastro/Scripts/mapa/ros2_workspace/install/turtlesim/include/turtlesim/turtlesim/srv/detail/set_pen__rosidl_typesupport_introspection_c.h
[46.413s] -- Up-to-date: /home/alyssoncastro/Scripts/mapa/ros2_workspace/install/turtlesim/include/turtlesim/turtlesim/msg
[46.413s] -- Installing: /home/alyssoncastro/Scripts/mapa/ros2_workspace/install/turtlesim/include/turtlesim/turtlesim/msg/rosidl_typesupport_introspection_c__visibility_control.h
[46.414s] -- Up-to-date: /home/alyssoncastro/Scripts/mapa/ros2_workspace/install/turtlesim/include/turtlesim/turtlesim/msg/detail
[46.414s] -- Installing: /home/alyssoncastro/Scripts/mapa/ros2_workspace/install/turtlesim/include/turtlesim/turtlesim/msg/detail/pose__rosidl_typesupport_introspection_c.h
[46.414s] -- Installing: /home/alyssoncastro/Scripts/mapa/ros2_workspace/install/turtlesim/include/turtlesim/turtlesim/msg/detail/color__type_support.c
[46.414s] -- Installing: /home/alyssoncastro/Scripts/mapa/ros2_workspace/install/turtlesim/include/turtlesim/turtlesim/msg/detail/pose__type_support.c
[46.414s] -- Installing: /home/alyssoncastro/Scripts/mapa/ros2_workspace/install/turtlesim/include/turtlesim/turtlesim/msg/detail/color__rosidl_typesupport_introspection_c.h
[46.414s] -- Installing: /home/alyssoncastro/Scripts/mapa/ros2_workspace/install/turtlesim/lib/libturtlesim__rosidl_typesupport_introspection_c.so
[46.415s] -- Set runtime path of "/home/alyssoncastro/Scripts/mapa/ros2_workspace/install/turtlesim/lib/libturtlesim__rosidl_typesupport_introspection_c.so" to ""
[46.416s] -- Installing: /home/alyssoncastro/Scripts/mapa/ros2_workspace/install/turtlesim/lib/libturtlesim__rosidl_typesupport_c.so
[46.416s] -- Set runtime path of "/home/alyssoncastro/Scripts/mapa/ros2_workspace/install/turtlesim/lib/libturtlesim__rosidl_typesupport_c.so" to ""
[46.416s] -- Up-to-date: /home/alyssoncastro/Scripts/mapa/ros2_workspace/install/turtlesim/include/turtlesim/turtlesim
[46.416s] -- Up-to-date: /home/alyssoncastro/Scripts/mapa/ros2_workspace/install/turtlesim/include/turtlesim/turtlesim/action
[46.416s] -- Up-to-date: /home/alyssoncastro/Scripts/mapa/ros2_workspace/install/turtlesim/include/turtlesim/turtlesim/action/detail
[46.417s] -- Installing: /home/alyssoncastro/Scripts/mapa/ros2_workspace/install/turtlesim/include/turtlesim/turtlesim/action/detail/rotate_absolute__type_support.cpp
[46.417s] -- Installing: /home/alyssoncastro/Scripts/mapa/ros2_workspace/install/turtlesim/include/turtlesim/turtlesim/action/detail/rotate_absolute__rosidl_typesupport_introspection_cpp.hpp
[46.417s] -- Up-to-date: /home/alyssoncastro/Scripts/mapa/ros2_workspace/install/turtlesim/include/turtlesim/turtlesim/srv
[46.417s] -- Up-to-date: /home/alyssoncastro/Scripts/mapa/ros2_workspace/install/turtlesim/include/turtlesim/turtlesim/srv/detail
[46.417s] -- Installing: /home/alyssoncastro/Scripts/mapa/ros2_workspace/install/turtlesim/include/turtlesim/turtlesim/srv/detail/spawn__type_support.cpp
[46.417s] -- Installing: /home/alyssoncastro/Scripts/mapa/ros2_workspace/install/turtlesim/include/turtlesim/turtlesim/srv/detail/set_pen__rosidl_typesupport_introspection_cpp.hpp
[46.418s] -- Installing: /home/alyssoncastro/Scripts/mapa/ros2_workspace/install/turtlesim/include/turtlesim/turtlesim/srv/detail/spawn__rosidl_typesupport_introspection_cpp.hpp
[46.418s] -- Installing: /home/alyssoncastro/Scripts/mapa/ros2_workspace/install/turtlesim/include/turtlesim/turtlesim/srv/detail/teleport_absolute__rosidl_typesupport_introspection_cpp.hpp
[46.418s] -- Installing: /home/alyssoncastro/Scripts/mapa/ros2_workspace/install/turtlesim/include/turtlesim/turtlesim/srv/detail/teleport_absolute__type_support.cpp
[46.418s] -- Installing: /home/alyssoncastro/Scripts/mapa/ros2_workspace/install/turtlesim/include/turtlesim/turtlesim/srv/detail/set_pen__type_support.cpp
[46.418s] -- Installing: /home/alyssoncastro/Scripts/mapa/ros2_workspace/install/turtlesim/include/turtlesim/turtlesim/srv/detail/teleport_relative__type_support.cpp
[46.418s] -- Installing: /home/alyssoncastro/Scripts/mapa/ros2_workspace/install/turtlesim/include/turtlesim/turtlesim/srv/detail/kill__type_support.cpp
[46.418s] -- Installing: /home/alyssoncastro/Scripts/mapa/ros2_workspace/install/turtlesim/include/turtlesim/turtlesim/srv/detail/teleport_relative__rosidl_typesupport_introspection_cpp.hpp
[46.419s] -- Installing: /home/alyssoncastro/Scripts/mapa/ros2_workspace/install/turtlesim/include/turtlesim/turtlesim/srv/detail/kill__rosidl_typesupport_introspection_cpp.hpp
[46.419s] -- Up-to-date: /home/alyssoncastro/Scripts/mapa/ros2_workspace/install/turtlesim/include/turtlesim/turtlesim/msg
[46.419s] -- Up-to-date: /home/alyssoncastro/Scripts/mapa/ros2_workspace/install/turtlesim/include/turtlesim/turtlesim/msg/detail
[46.419s] -- Installing: /home/alyssoncastro/Scripts/mapa/ros2_workspace/install/turtlesim/include/turtlesim/turtlesim/msg/detail/pose__rosidl_typesupport_introspection_cpp.hpp
[46.419s] -- Installing: /home/alyssoncastro/Scripts/mapa/ros2_workspace/install/turtlesim/include/turtlesim/turtlesim/msg/detail/color__type_support.cpp
[46.419s] -- Installing: /home/alyssoncastro/Scripts/mapa/ros2_workspace/install/turtlesim/include/turtlesim/turtlesim/msg/detail/pose__type_support.cpp
[46.419s] -- Installing: /home/alyssoncastro/Scripts/mapa/ros2_workspace/install/turtlesim/include/turtlesim/turtlesim/msg/detail/color__rosidl_typesupport_introspection_cpp.hpp
[46.420s] -- Installing: /home/alyssoncastro/Scripts/mapa/ros2_workspace/install/turtlesim/lib/libturtlesim__rosidl_typesupport_introspection_cpp.so
[46.420s] -- Set runtime path of "/home/alyssoncastro/Scripts/mapa/ros2_workspace/install/turtlesim/lib/libturtlesim__rosidl_typesupport_introspection_cpp.so" to ""
[46.420s] -- Installing: /home/alyssoncastro/Scripts/mapa/ros2_workspace/install/turtlesim/lib/libturtlesim__rosidl_typesupport_cpp.so
[46.421s] -- Set runtime path of "/home/alyssoncastro/Scripts/mapa/ros2_workspace/install/turtlesim/lib/libturtlesim__rosidl_typesupport_cpp.so" to ""
[46.421s] -- Installing: /home/alyssoncastro/Scripts/mapa/ros2_workspace/install/turtlesim/share/turtlesim/environment/pythonpath.sh
[46.421s] -- Installing: /home/alyssoncastro/Scripts/mapa/ros2_workspace/install/turtlesim/share/turtlesim/environment/pythonpath.dsv
[46.421s] -- Installing: /home/alyssoncastro/Scripts/mapa/ros2_workspace/install/turtlesim/local/lib/python3.10/dist-packages/turtlesim-1.4.2-py3.10.egg-info
[46.421s] -- Installing: /home/alyssoncastro/Scripts/mapa/ros2_workspace/install/turtlesim/local/lib/python3.10/dist-packages/turtlesim-1.4.2-py3.10.egg-info/PKG-INFO
[46.422s] -- Installing: /home/alyssoncastro/Scripts/mapa/ros2_workspace/install/turtlesim/local/lib/python3.10/dist-packages/turtlesim-1.4.2-py3.10.egg-info/SOURCES.txt
[46.422s] -- Installing: /home/alyssoncastro/Scripts/mapa/ros2_workspace/install/turtlesim/local/lib/python3.10/dist-packages/turtlesim-1.4.2-py3.10.egg-info/dependency_links.txt
[46.422s] -- Installing: /home/alyssoncastro/Scripts/mapa/ros2_workspace/install/turtlesim/local/lib/python3.10/dist-packages/turtlesim-1.4.2-py3.10.egg-info/top_level.txt
[46.423s] -- Installing: /home/alyssoncastro/Scripts/mapa/ros2_workspace/install/turtlesim/local/lib/python3.10/dist-packages/turtlesim
[46.423s] -- Installing: /home/alyssoncastro/Scripts/mapa/ros2_workspace/install/turtlesim/local/lib/python3.10/dist-packages/turtlesim/turtlesim_s__rosidl_typesupport_fastrtps_c.cpython-310-x86_64-linux-gnu.so
[46.423s] -- Installing: /home/alyssoncastro/Scripts/mapa/ros2_workspace/install/turtlesim/local/lib/python3.10/dist-packages/turtlesim/turtlesim_s__rosidl_typesupport_c.cpython-310-x86_64-linux-gnu.so
[46.423s] -- Installing: /home/alyssoncastro/Scripts/mapa/ros2_workspace/install/turtlesim/local/lib/python3.10/dist-packages/turtlesim/__init__.py
[46.424s] -- Installing: /home/alyssoncastro/Scripts/mapa/ros2_workspace/install/turtlesim/local/lib/python3.10/dist-packages/turtlesim/action
[46.424s] -- Installing: /home/alyssoncastro/Scripts/mapa/ros2_workspace/install/turtlesim/local/lib/python3.10/dist-packages/turtlesim/action/__init__.py
[46.424s] -- Installing: /home/alyssoncastro/Scripts/mapa/ros2_workspace/install/turtlesim/local/lib/python3.10/dist-packages/turtlesim/action/_rotate_absolute_s.c
[46.424s] -- Installing: /home/alyssoncastro/Scripts/mapa/ros2_workspace/install/turtlesim/local/lib/python3.10/dist-packages/turtlesim/action/_rotate_absolute.py
[46.424s] -- Installing: /home/alyssoncastro/Scripts/mapa/ros2_workspace/install/turtlesim/local/lib/python3.10/dist-packages/turtlesim/turtlesim_s__rosidl_typesupport_introspection_c.cpython-310-x86_64-linux-gnu.so
[46.424s] -- Installing: /home/alyssoncastro/Scripts/mapa/ros2_workspace/install/turtlesim/local/lib/python3.10/dist-packages/turtlesim/srv
[46.425s] -- Installing: /home/alyssoncastro/Scripts/mapa/ros2_workspace/install/turtlesim/local/lib/python3.10/dist-packages/turtlesim/srv/_teleport_relative.py
[46.425s] -- Installing: /home/alyssoncastro/Scripts/mapa/ros2_workspace/install/turtlesim/local/lib/python3.10/dist-packages/turtlesim/srv/__init__.py
[46.425s] -- Installing: /home/alyssoncastro/Scripts/mapa/ros2_workspace/install/turtlesim/local/lib/python3.10/dist-packages/turtlesim/srv/_teleport_absolute.py
[46.425s] -- Installing: /home/alyssoncastro/Scripts/mapa/ros2_workspace/install/turtlesim/local/lib/python3.10/dist-packages/turtlesim/srv/_teleport_absolute_s.c
[46.425s] -- Installing: /home/alyssoncastro/Scripts/mapa/ros2_workspace/install/turtlesim/local/lib/python3.10/dist-packages/turtlesim/srv/_teleport_relative_s.c
[46.426s] -- Installing: /home/alyssoncastro/Scripts/mapa/ros2_workspace/install/turtlesim/local/lib/python3.10/dist-packages/turtlesim/srv/_kill.py
[46.426s] -- Installing: /home/alyssoncastro/Scripts/mapa/ros2_workspace/install/turtlesim/local/lib/python3.10/dist-packages/turtlesim/srv/_set_pen_s.c
[46.426s] -- Installing: /home/alyssoncastro/Scripts/mapa/ros2_workspace/install/turtlesim/local/lib/python3.10/dist-packages/turtlesim/srv/_spawn_s.c
[46.426s] -- Installing: /home/alyssoncastro/Scripts/mapa/ros2_workspace/install/turtlesim/local/lib/python3.10/dist-packages/turtlesim/srv/_spawn.py
[46.426s] -- Installing: /home/alyssoncastro/Scripts/mapa/ros2_workspace/install/turtlesim/local/lib/python3.10/dist-packages/turtlesim/srv/_kill_s.c
[46.426s] -- Installing: /home/alyssoncastro/Scripts/mapa/ros2_workspace/install/turtlesim/local/lib/python3.10/dist-packages/turtlesim/srv/_set_pen.py
[46.426s] -- Installing: /home/alyssoncastro/Scripts/mapa/ros2_workspace/install/turtlesim/local/lib/python3.10/dist-packages/turtlesim/msg
[46.426s] -- Installing: /home/alyssoncastro/Scripts/mapa/ros2_workspace/install/turtlesim/local/lib/python3.10/dist-packages/turtlesim/msg/__init__.py
[46.427s] -- Installing: /home/alyssoncastro/Scripts/mapa/ros2_workspace/install/turtlesim/local/lib/python3.10/dist-packages/turtlesim/msg/_color.py
[46.427s] -- Installing: /home/alyssoncastro/Scripts/mapa/ros2_workspace/install/turtlesim/local/lib/python3.10/dist-packages/turtlesim/msg/_color_s.c
[46.427s] -- Installing: /home/alyssoncastro/Scripts/mapa/ros2_workspace/install/turtlesim/local/lib/python3.10/dist-packages/turtlesim/msg/_pose.py
[46.427s] -- Installing: /home/alyssoncastro/Scripts/mapa/ros2_workspace/install/turtlesim/local/lib/python3.10/dist-packages/turtlesim/msg/_pose_s.c
[46.427s] -- Installing: /home/alyssoncastro/Scripts/mapa/ros2_workspace/install/turtlesim/local/lib/python3.10/dist-packages/turtlesim/_turtlesim_s.ep.rosidl_typesupport_introspection_c.c
[46.427s] -- Installing: /home/alyssoncastro/Scripts/mapa/ros2_workspace/install/turtlesim/local/lib/python3.10/dist-packages/turtlesim/_turtlesim_s.ep.rosidl_typesupport_c.c
[46.428s] -- Installing: /home/alyssoncastro/Scripts/mapa/ros2_workspace/install/turtlesim/local/lib/python3.10/dist-packages/turtlesim/libturtlesim__rosidl_generator_py.so
[46.428s] -- Installing: /home/alyssoncastro/Scripts/mapa/ros2_workspace/install/turtlesim/local/lib/python3.10/dist-packages/turtlesim/_turtlesim_s.ep.rosidl_typesupport_fastrtps_c.c
[46.540s] Listing '/home/alyssoncastro/Scripts/mapa/ros2_workspace/install/turtlesim/local/lib/python3.10/dist-packages/turtlesim'...
[46.540s] Compiling '/home/alyssoncastro/Scripts/mapa/ros2_workspace/install/turtlesim/local/lib/python3.10/dist-packages/turtlesim/__init__.py'...
[46.541s] Listing '/home/alyssoncastro/Scripts/mapa/ros2_workspace/install/turtlesim/local/lib/python3.10/dist-packages/turtlesim/action'...
[46.541s] Compiling '/home/alyssoncastro/Scripts/mapa/ros2_workspace/install/turtlesim/local/lib/python3.10/dist-packages/turtlesim/action/__init__.py'...
[46.541s] Compiling '/home/alyssoncastro/Scripts/mapa/ros2_workspace/install/turtlesim/local/lib/python3.10/dist-packages/turtlesim/action/_rotate_absolute.py'...
[46.541s] Listing '/home/alyssoncastro/Scripts/mapa/ros2_workspace/install/turtlesim/local/lib/python3.10/dist-packages/turtlesim/msg'...
[46.541s] Compiling '/home/alyssoncastro/Scripts/mapa/ros2_workspace/install/turtlesim/local/lib/python3.10/dist-packages/turtlesim/msg/__init__.py'...
[46.541s] Compiling '/home/alyssoncastro/Scripts/mapa/ros2_workspace/install/turtlesim/local/lib/python3.10/dist-packages/turtlesim/msg/_color.py'...
[46.542s] Compiling '/home/alyssoncastro/Scripts/mapa/ros2_workspace/install/turtlesim/local/lib/python3.10/dist-packages/turtlesim/msg/_pose.py'...
[46.542s] Listing '/home/alyssoncastro/Scripts/mapa/ros2_workspace/install/turtlesim/local/lib/python3.10/dist-packages/turtlesim/srv'...
[46.542s] Compiling '/home/alyssoncastro/Scripts/mapa/ros2_workspace/install/turtlesim/local/lib/python3.10/dist-packages/turtlesim/srv/__init__.py'...
[46.542s] Compiling '/home/alyssoncastro/Scripts/mapa/ros2_workspace/install/turtlesim/local/lib/python3.10/dist-packages/turtlesim/srv/_kill.py'...
[46.542s] Compiling '/home/alyssoncastro/Scripts/mapa/ros2_workspace/install/turtlesim/local/lib/python3.10/dist-packages/turtlesim/srv/_set_pen.py'...
[46.542s] Compiling '/home/alyssoncastro/Scripts/mapa/ros2_workspace/install/turtlesim/local/lib/python3.10/dist-packages/turtlesim/srv/_spawn.py'...
[46.542s] Compiling '/home/alyssoncastro/Scripts/mapa/ros2_workspace/install/turtlesim/local/lib/python3.10/dist-packages/turtlesim/srv/_teleport_absolute.py'...
[46.542s] Compiling '/home/alyssoncastro/Scripts/mapa/ros2_workspace/install/turtlesim/local/lib/python3.10/dist-packages/turtlesim/srv/_teleport_relative.py'...
[46.552s] -- Installing: /home/alyssoncastro/Scripts/mapa/ros2_workspace/install/turtlesim/local/lib/python3.10/dist-packages/turtlesim/turtlesim_s__rosidl_typesupport_fastrtps_c.cpython-310-x86_64-linux-gnu.so
[46.552s] -- Set runtime path of "/home/alyssoncastro/Scripts/mapa/ros2_workspace/install/turtlesim/local/lib/python3.10/dist-packages/turtlesim/turtlesim_s__rosidl_typesupport_fastrtps_c.cpython-310-x86_64-linux-gnu.so" to ""
[46.553s] -- Installing: /home/alyssoncastro/Scripts/mapa/ros2_workspace/install/turtlesim/local/lib/python3.10/dist-packages/turtlesim/turtlesim_s__rosidl_typesupport_introspection_c.cpython-310-x86_64-linux-gnu.so
[46.553s] -- Set runtime path of "/home/alyssoncastro/Scripts/mapa/ros2_workspace/install/turtlesim/local/lib/python3.10/dist-packages/turtlesim/turtlesim_s__rosidl_typesupport_introspection_c.cpython-310-x86_64-linux-gnu.so" to ""
[46.553s] -- Installing: /home/alyssoncastro/Scripts/mapa/ros2_workspace/install/turtlesim/local/lib/python3.10/dist-packages/turtlesim/turtlesim_s__rosidl_typesupport_c.cpython-310-x86_64-linux-gnu.so
[46.554s] -- Set runtime path of "/home/alyssoncastro/Scripts/mapa/ros2_workspace/install/turtlesim/local/lib/python3.10/dist-packages/turtlesim/turtlesim_s__rosidl_typesupport_c.cpython-310-x86_64-linux-gnu.so" to ""
[46.554s] -- Installing: /home/alyssoncastro/Scripts/mapa/ros2_workspace/install/turtlesim/lib/libturtlesim__rosidl_generator_py.so
[46.555s] -- Set runtime path of "/home/alyssoncastro/Scripts/mapa/ros2_workspace/install/turtlesim/lib/libturtlesim__rosidl_generator_py.so" to ""
[46.555s] -- Installing: /home/alyssoncastro/Scripts/mapa/ros2_workspace/install/turtlesim/share/turtlesim/action/RotateAbsolute.idl
[46.555s] -- Installing: /home/alyssoncastro/Scripts/mapa/ros2_workspace/install/turtlesim/share/turtlesim/msg/Color.idl
[46.556s] -- Installing: /home/alyssoncastro/Scripts/mapa/ros2_workspace/install/turtlesim/share/turtlesim/msg/Pose.idl
[46.556s] -- Installing: /home/alyssoncastro/Scripts/mapa/ros2_workspace/install/turtlesim/share/turtlesim/srv/Kill.idl
[46.556s] -- Installing: /home/alyssoncastro/Scripts/mapa/ros2_workspace/install/turtlesim/share/turtlesim/srv/SetPen.idl
[46.556s] -- Installing: /home/alyssoncastro/Scripts/mapa/ros2_workspace/install/turtlesim/share/turtlesim/srv/Spawn.idl
[46.556s] -- Installing: /home/alyssoncastro/Scripts/mapa/ros2_workspace/install/turtlesim/share/turtlesim/srv/TeleportAbsolute.idl
[46.556s] -- Installing: /home/alyssoncastro/Scripts/mapa/ros2_workspace/install/turtlesim/share/turtlesim/srv/TeleportRelative.idl
[46.557s] -- Installing: /home/alyssoncastro/Scripts/mapa/ros2_workspace/install/turtlesim/share/turtlesim/action/RotateAbsolute.action
[46.557s] -- Installing: /home/alyssoncastro/Scripts/mapa/ros2_workspace/install/turtlesim/share/turtlesim/msg/Color.msg
[46.557s] -- Installing: /home/alyssoncastro/Scripts/mapa/ros2_workspace/install/turtlesim/share/turtlesim/msg/Pose.msg
[46.557s] -- Installing: /home/alyssoncastro/Scripts/mapa/ros2_workspace/install/turtlesim/share/turtlesim/srv/Kill.srv
[46.557s] -- Installing: /home/alyssoncastro/Scripts/mapa/ros2_workspace/install/turtlesim/share/turtlesim/srv/Kill_Request.msg
[46.558s] -- Installing: /home/alyssoncastro/Scripts/mapa/ros2_workspace/install/turtlesim/share/turtlesim/srv/Kill_Response.msg
[46.558s] -- Installing: /home/alyssoncastro/Scripts/mapa/ros2_workspace/install/turtlesim/share/turtlesim/srv/SetPen.srv
[46.558s] -- Installing: /home/alyssoncastro/Scripts/mapa/ros2_workspace/install/turtlesim/share/turtlesim/srv/SetPen_Request.msg
[46.558s] -- Installing: /home/alyssoncastro/Scripts/mapa/ros2_workspace/install/turtlesim/share/turtlesim/srv/SetPen_Response.msg
[46.558s] -- Installing: /home/alyssoncastro/Scripts/mapa/ros2_workspace/install/turtlesim/share/turtlesim/srv/Spawn.srv
[46.559s] -- Installing: /home/alyssoncastro/Scripts/mapa/ros2_workspace/install/turtlesim/share/turtlesim/srv/Spawn_Request.msg
[46.559s] -- Installing: /home/alyssoncastro/Scripts/mapa/ros2_workspace/install/turtlesim/share/turtlesim/srv/Spawn_Response.msg
[46.559s] -- Installing: /home/alyssoncastro/Scripts/mapa/ros2_workspace/install/turtlesim/share/turtlesim/srv/TeleportAbsolute.srv
[46.559s] -- Installing: /home/alyssoncastro/Scripts/mapa/ros2_workspace/install/turtlesim/share/turtlesim/srv/TeleportAbsolute_Request.msg
[46.559s] -- Installing: /home/alyssoncastro/Scripts/mapa/ros2_workspace/install/turtlesim/share/turtlesim/srv/TeleportAbsolute_Response.msg
[46.560s] -- Installing: /home/alyssoncastro/Scripts/mapa/ros2_workspace/install/turtlesim/share/turtlesim/srv/TeleportRelative.srv
[46.560s] -- Installing: /home/alyssoncastro/Scripts/mapa/ros2_workspace/install/turtlesim/share/turtlesim/srv/TeleportRelative_Request.msg
[46.560s] -- Installing: /home/alyssoncastro/Scripts/mapa/ros2_workspace/install/turtlesim/share/turtlesim/srv/TeleportRelative_Response.msg
[46.560s] -- Installing: /home/alyssoncastro/Scripts/mapa/ros2_workspace/install/turtlesim/lib/turtlesim/turtlesim_node
[46.573s] -- Set runtime path of "/home/alyssoncastro/Scripts/mapa/ros2_workspace/install/turtlesim/lib/turtlesim/turtlesim_node" to ""
[46.573s] -- Installing: /home/alyssoncastro/Scripts/mapa/ros2_workspace/install/turtlesim/lib/turtlesim/turtle_teleop_key
[46.576s] -- Set runtime path of "/home/alyssoncastro/Scripts/mapa/ros2_workspace/install/turtlesim/lib/turtlesim/turtle_teleop_key" to ""
[46.576s] -- Installing: /home/alyssoncastro/Scripts/mapa/ros2_workspace/install/turtlesim/lib/turtlesim/draw_square
[46.582s] -- Set runtime path of "/home/alyssoncastro/Scripts/mapa/ros2_workspace/install/turtlesim/lib/turtlesim/draw_square" to ""
[46.582s] -- Installing: /home/alyssoncastro/Scripts/mapa/ros2_workspace/install/turtlesim/lib/turtlesim/mimic
[46.587s] -- Set runtime path of "/home/alyssoncastro/Scripts/mapa/ros2_workspace/install/turtlesim/lib/turtlesim/mimic" to ""
[46.587s] -- Installing: /home/alyssoncastro/Scripts/mapa/ros2_workspace/install/turtlesim/share/turtlesim/images
[46.587s] -- Installing: /home/alyssoncastro/Scripts/mapa/ros2_workspace/install/turtlesim/share/turtlesim/images/foxy.png
[46.587s] -- Installing: /home/alyssoncastro/Scripts/mapa/ros2_workspace/install/turtlesim/share/turtlesim/images/ardent.png
[46.588s] -- Installing: /home/alyssoncastro/Scripts/mapa/ros2_workspace/install/turtlesim/share/turtlesim/images/eloquent.png
[46.588s] -- Installing: /home/alyssoncastro/Scripts/mapa/ros2_workspace/install/turtlesim/share/turtlesim/images/rolling.png
[46.588s] -- Installing: /home/alyssoncastro/Scripts/mapa/ros2_workspace/install/turtlesim/share/turtlesim/images/crystal.png
[46.588s] -- Installing: /home/alyssoncastro/Scripts/mapa/ros2_workspace/install/turtlesim/share/turtlesim/images/dashing.png
[46.588s] -- Installing: /home/alyssoncastro/Scripts/mapa/ros2_workspace/install/turtlesim/share/turtlesim/images/bouncy.png
[46.588s] -- Installing: /home/alyssoncastro/Scripts/mapa/ros2_workspace/install/turtlesim/share/turtlesim/images/galactic.png
[46.589s] -- Installing: /home/alyssoncastro/Scripts/mapa/ros2_workspace/install/turtlesim/share/turtlesim/images/humble.png
[46.589s] -- Installing: /home/alyssoncastro/Scripts/mapa/ros2_workspace/install/turtlesim/share/turtlesim/launch
[46.589s] -- Installing: /home/alyssoncastro/Scripts/mapa/ros2_workspace/install/turtlesim/share/turtlesim/launch/multisim.launch.py
[46.589s] -- Installing: /home/alyssoncastro/Scripts/mapa/ros2_workspace/install/turtlesim/share/ament_index/resource_index/package_run_dependencies/turtlesim
[46.589s] -- Installing: /home/alyssoncastro/Scripts/mapa/ros2_workspace/install/turtlesim/share/ament_index/resource_index/parent_prefix_path/turtlesim
[46.590s] -- Installing: /home/alyssoncastro/Scripts/mapa/ros2_workspace/install/turtlesim/share/turtlesim/environment/ament_prefix_path.sh
[46.590s] -- Installing: /home/alyssoncastro/Scripts/mapa/ros2_workspace/install/turtlesim/share/turtlesim/environment/ament_prefix_path.dsv
[46.590s] -- Installing: /home/alyssoncastro/Scripts/mapa/ros2_workspace/install/turtlesim/share/turtlesim/environment/path.sh
[46.590s] -- Installing: /home/alyssoncastro/Scripts/mapa/ros2_workspace/install/turtlesim/share/turtlesim/environment/path.dsv
[46.591s] -- Installing: /home/alyssoncastro/Scripts/mapa/ros2_workspace/install/turtlesim/share/turtlesim/local_setup.bash
[46.591s] -- Installing: /home/alyssoncastro/Scripts/mapa/ros2_workspace/install/turtlesim/share/turtlesim/local_setup.sh
[46.591s] -- Installing: /home/alyssoncastro/Scripts/mapa/ros2_workspace/install/turtlesim/share/turtlesim/local_setup.zsh
[46.591s] -- Installing: /home/alyssoncastro/Scripts/mapa/ros2_workspace/install/turtlesim/share/turtlesim/local_setup.dsv
[46.591s] -- Installing: /home/alyssoncastro/Scripts/mapa/ros2_workspace/install/turtlesim/share/turtlesim/package.dsv
[46.592s] -- Installing: /home/alyssoncastro/Scripts/mapa/ros2_workspace/install/turtlesim/share/ament_index/resource_index/packages/turtlesim
[46.592s] -- Installing: /home/alyssoncastro/Scripts/mapa/ros2_workspace/install/turtlesim/share/turtlesim/cmake/export_turtlesim__rosidl_generator_cExport.cmake
[46.592s] -- Installing: /home/alyssoncastro/Scripts/mapa/ros2_workspace/install/turtlesim/share/turtlesim/cmake/export_turtlesim__rosidl_generator_cExport-noconfig.cmake
[46.592s] -- Installing: /home/alyssoncastro/Scripts/mapa/ros2_workspace/install/turtlesim/share/turtlesim/cmake/export_turtlesim__rosidl_typesupport_fastrtps_cExport.cmake
[46.593s] -- Installing: /home/alyssoncastro/Scripts/mapa/ros2_workspace/install/turtlesim/share/turtlesim/cmake/export_turtlesim__rosidl_typesupport_fastrtps_cExport-noconfig.cmake
[46.593s] -- Installing: /home/alyssoncastro/Scripts/mapa/ros2_workspace/install/turtlesim/share/turtlesim/cmake/export_turtlesim__rosidl_generator_cppExport.cmake
[46.593s] -- Installing: /home/alyssoncastro/Scripts/mapa/ros2_workspace/install/turtlesim/share/turtlesim/cmake/export_turtlesim__rosidl_typesupport_fastrtps_cppExport.cmake
[46.593s] -- Installing: /home/alyssoncastro/Scripts/mapa/ros2_workspace/install/turtlesim/share/turtlesim/cmake/export_turtlesim__rosidl_typesupport_fastrtps_cppExport-noconfig.cmake
[46.594s] -- Installing: /home/alyssoncastro/Scripts/mapa/ros2_workspace/install/turtlesim/share/turtlesim/cmake/turtlesim__rosidl_typesupport_introspection_cExport.cmake
[46.594s] -- Installing: /home/alyssoncastro/Scripts/mapa/ros2_workspace/install/turtlesim/share/turtlesim/cmake/turtlesim__rosidl_typesupport_introspection_cExport-noconfig.cmake
[46.594s] -- Installing: /home/alyssoncastro/Scripts/mapa/ros2_workspace/install/turtlesim/share/turtlesim/cmake/turtlesim__rosidl_typesupport_cExport.cmake
[46.594s] -- Installing: /home/alyssoncastro/Scripts/mapa/ros2_workspace/install/turtlesim/share/turtlesim/cmake/turtlesim__rosidl_typesupport_cExport-noconfig.cmake
[46.594s] -- Installing: /home/alyssoncastro/Scripts/mapa/ros2_workspace/install/turtlesim/share/turtlesim/cmake/turtlesim__rosidl_typesupport_introspection_cppExport.cmake
[46.595s] -- Installing: /home/alyssoncastro/Scripts/mapa/ros2_workspace/install/turtlesim/share/turtlesim/cmake/turtlesim__rosidl_typesupport_introspection_cppExport-noconfig.cmake
[46.595s] -- Installing: /home/alyssoncastro/Scripts/mapa/ros2_workspace/install/turtlesim/share/turtlesim/cmake/turtlesim__rosidl_typesupport_cppExport.cmake
[46.595s] -- Installing: /home/alyssoncastro/Scripts/mapa/ros2_workspace/install/turtlesim/share/turtlesim/cmake/turtlesim__rosidl_typesupport_cppExport-noconfig.cmake
[46.595s] -- Installing: /home/alyssoncastro/Scripts/mapa/ros2_workspace/install/turtlesim/share/turtlesim/cmake/export_turtlesim__rosidl_generator_pyExport.cmake
[46.595s] -- Installing: /home/alyssoncastro/Scripts/mapa/ros2_workspace/install/turtlesim/share/turtlesim/cmake/export_turtlesim__rosidl_generator_pyExport-noconfig.cmake
[46.596s] -- Installing: /home/alyssoncastro/Scripts/mapa/ros2_workspace/install/turtlesim/share/turtlesim/cmake/rosidl_cmake-extras.cmake
[46.596s] -- Installing: /home/alyssoncastro/Scripts/mapa/ros2_workspace/install/turtlesim/share/turtlesim/cmake/ament_cmake_export_dependencies-extras.cmake
[46.596s] -- Installing: /home/alyssoncastro/Scripts/mapa/ros2_workspace/install/turtlesim/share/turtlesim/cmake/ament_cmake_export_include_directories-extras.cmake
[46.596s] -- Installing: /home/alyssoncastro/Scripts/mapa/ros2_workspace/install/turtlesim/share/turtlesim/cmake/ament_cmake_export_libraries-extras.cmake
[46.597s] -- Installing: /home/alyssoncastro/Scripts/mapa/ros2_workspace/install/turtlesim/share/turtlesim/cmake/ament_cmake_export_targets-extras.cmake
[46.597s] -- Installing: /home/alyssoncastro/Scripts/mapa/ros2_workspace/install/turtlesim/share/turtlesim/cmake/rosidl_cmake_export_typesupport_targets-extras.cmake
[46.597s] -- Installing: /home/alyssoncastro/Scripts/mapa/ros2_workspace/install/turtlesim/share/turtlesim/cmake/rosidl_cmake_export_typesupport_libraries-extras.cmake
[46.597s] -- Installing: /home/alyssoncastro/Scripts/mapa/ros2_workspace/install/turtlesim/share/turtlesim/cmake/turtlesimConfig.cmake
[46.597s] -- Installing: /home/alyssoncastro/Scripts/mapa/ros2_workspace/install/turtlesim/share/turtlesim/cmake/turtlesimConfig-version.cmake
[46.598s] -- Installing: /home/alyssoncastro/Scripts/mapa/ros2_workspace/install/turtlesim/share/turtlesim/package.xml
[46.602s] Invoked command in '/home/alyssoncastro/Scripts/mapa/ros2_workspace/build/turtlesim' returned '0': CMAKE_PREFIX_PATH=/opt/ros/humble /usr/bin/cmake --install /home/alyssoncastro/Scripts/mapa/ros2_workspace/build/turtlesim
